{0289a7c5-91bf-4547-81ae-fec91a89dec5};CONCEAL\Destitute
{98068995-54d2-4136-9bc9-6dbcb0a4683f};CONCEAL\Destitute
{9acf41ed-d457-4cc1-941b-ab02c26e4686};CONCEAL\Destitute
{9678f47f-2435-475c-b24a-4606f8161c16};CONCEAL\Destitute
{417976B7-917D-4F1E-8F14-C18FCCB0B3A8};CONCEAL\Destitute
{90F18417-F0F1-484E-9D3C-59DCEEE5DBD8};NT AUTHORITY\SYSTEM
{B441840A-5CEF-42F1-BE06-4E31A90E74D7};NT AUTHORITY\LOCAL SERVICE
{B7BC3EB9-B145-4574-B729-7D78126EB4C8};NT AUTHORITY\LOCAL SERVICE
{A8BE33B3-D275-459B-A853-A2150531C8B3};NT AUTHORITY\LOCAL SERVICE
{9694B5A2-54CE-4837-BA0A-F52FD7699F12};NT AUTHORITY\LOCAL SERVICE
{A0D76288-0FB2-477A-96F9-F7EFFD7ED5D3};NT AUTHORITY\LOCAL SERVICE
{CC9FA1A3-ADDE-49A9-B435-34CE6E5DA3DB};NT AUTHORITY\LOCAL SERVICE
{F1B75166-312C-4DC6-BA41-C2E2486C9913};NT AUTHORITY\LOCAL SERVICE
{F94358B1-E9AE-4D5C-AF66-CE50E67803C7};NT AUTHORITY\LOCAL SERVICE
{EA5EAA7B-1E81-4C76-BF2D-F2A867F764A1};NT AUTHORITY\LOCAL SERVICE
{DAB26424-5F5C-4834-8685-A4DB44DF8083};NT AUTHORITY\LOCAL SERVICE
{DF175E5E-5488-49B7-BCB9-B7204933E26F};NT AUTHORITY\LOCAL SERVICE
{4D098DC6-3080-4A11-9887-4C77FD7C2ED2};NT AUTHORITY\LOCAL SERVICE
{46B559E9-0D2F-44AC-9EE7-AE6D9384B292};NT AUTHORITY\LOCAL SERVICE
{557C6CBF-CD77-45CF-84E8-8F5A8A331BAD};NT AUTHORITY\LOCAL SERVICE
{37998346-3765-45B1-8C66-AA88CA6B20B8};NT AUTHORITY\LOCAL SERVICE
{206490E7-09B5-4C9D-8E54-254B87A5CEAF};NT AUTHORITY\LOCAL SERVICE
{1F3775BA-4FA2-4CA0-825F-5B9EC63C0029};NT AUTHORITY\LOCAL SERVICE
{235EB944-F722-47DB-8EE7-1EE27A8D4F98};NT AUTHORITY\LOCAL SERVICE
{21F282D1-A881-49E1-9A3A-26E44E39B86C};NT AUTHORITY\LOCAL SERVICE
{7ECB3DBE-742D-4B43-BF3E-2587BE1BFF72};NT AUTHORITY\LOCAL SERVICE
{770FDC97-76E7-4067-B14C-2DDB3A7517F2};NT AUTHORITY\LOCAL SERVICE
{8190FA8C-3A62-49FB-B145-071B4B74578D};NT AUTHORITY\LOCAL SERVICE
{7ECC8054-7AE3-486D-9CBA-8ED0B5ED61AC};NT AUTHORITY\LOCAL SERVICE
{754EC012-E0B0-4F32-A810-77F639CBF103};NT AUTHORITY\LOCAL SERVICE
{73978CED-828C-49AB-A403-9ABACDCE1505};NT AUTHORITY\LOCAL SERVICE
{680442B0-692A-465C-B47D-783C4EC5B6A2};NT AUTHORITY\LOCAL SERVICE
{d20a3293-3341-4ae8-9aaf-8e397cb63c34};NT AUTHORITY\SYSTEM
{42CBFAA7-A4A7-47BB-B422-BD10E9D02700};NT AUTHORITY\SYSTEM
{5B99FA76-721C-423C-ADAC-56D03C8A8007};NT AUTHORITY\SYSTEM
